{"C:\\Users\\LizandroV\\OneDrive - BYU-Pathway Worldwide\\Documents\\BYU\\2025 II CSE341 - WEB SERVICES\\RecipeHub-API\\models\\modelCategories.js": {"path":"C:\\Users\\LizandroV\\OneDrive - BYU-Pathway Worldwide\\Documents\\BYU\\2025 II CSE341 - WEB SERVICES\\RecipeHub-API\\models\\modelCategories.js","statementMap":{"0":{"start":{"line":7,"column":2},"end":{"line":12,"column":3}},"1":{"start":{"line":8,"column":23},"end":{"line":8,"column":54}},"2":{"start":{"line":9,"column":3},"end":{"line":9,"column":22}},"3":{"start":{"line":11,"column":3},"end":{"line":11,"column":50}},"4":{"start":{"line":16,"column":2},"end":{"line":24,"column":3}},"5":{"start":{"line":17,"column":22},"end":{"line":17,"column":43}},"6":{"start":{"line":18,"column":3},"end":{"line":18,"column":21}},"7":{"start":{"line":20,"column":3},"end":{"line":23,"column":5}},"8":{"start":{"line":28,"column":2},"end":{"line":30,"column":3}},"9":{"start":{"line":29,"column":3},"end":{"line":29,"column":51}},"10":{"start":{"line":31,"column":2},"end":{"line":39,"column":3}},"11":{"start":{"line":32,"column":20},"end":{"line":32,"column":47}},"12":{"start":{"line":33,"column":3},"end":{"line":35,"column":4}},"13":{"start":{"line":34,"column":4},"end":{"line":34,"column":53}},"14":{"start":{"line":36,"column":3},"end":{"line":36,"column":19}},"15":{"start":{"line":38,"column":3},"end":{"line":38,"column":77}},"16":{"start":{"line":43,"column":2},"end":{"line":45,"column":3}},"17":{"start":{"line":44,"column":3},"end":{"line":44,"column":51}},"18":{"start":{"line":47,"column":24},"end":{"line":47,"column":47}},"19":{"start":{"line":48,"column":24},"end":{"line":50,"column":3}},"20":{"start":{"line":49,"column":12},"end":{"line":49,"column":40}},"21":{"start":{"line":52,"column":2},"end":{"line":54,"column":3}},"22":{"start":{"line":53,"column":3},"end":{"line":53,"column":77}},"23":{"start":{"line":56,"column":2},"end":{"line":70,"column":3}},"24":{"start":{"line":57,"column":27},"end":{"line":61,"column":5}},"25":{"start":{"line":63,"column":3},"end":{"line":65,"column":4}},"26":{"start":{"line":64,"column":4},"end":{"line":64,"column":53}},"27":{"start":{"line":67,"column":3},"end":{"line":67,"column":26}},"28":{"start":{"line":69,"column":3},"end":{"line":69,"column":75}},"29":{"start":{"line":74,"column":2},"end":{"line":76,"column":3}},"30":{"start":{"line":75,"column":3},"end":{"line":75,"column":51}},"31":{"start":{"line":77,"column":2},"end":{"line":85,"column":3}},"32":{"start":{"line":78,"column":27},"end":{"line":78,"column":63}},"33":{"start":{"line":79,"column":3},"end":{"line":81,"column":4}},"34":{"start":{"line":80,"column":4},"end":{"line":80,"column":53}},"35":{"start":{"line":82,"column":3},"end":{"line":82,"column":26}},"36":{"start":{"line":84,"column":3},"end":{"line":84,"column":75}}},"fnMap":{"0":{"name":"(anonymous_0)","decl":{"start":{"line":6,"column":1},"end":{"line":6,"column":2}},"loc":{"start":{"line":6,"column":24},"end":{"line":13,"column":2}},"line":6},"1":{"name":"(anonymous_1)","decl":{"start":{"line":15,"column":1},"end":{"line":15,"column":2}},"loc":{"start":{"line":15,"column":16},"end":{"line":25,"column":2}},"line":15},"2":{"name":"(anonymous_2)","decl":{"start":{"line":27,"column":1},"end":{"line":27,"column":2}},"loc":{"start":{"line":27,"column":18},"end":{"line":40,"column":2}},"line":27},"3":{"name":"(anonymous_3)","decl":{"start":{"line":42,"column":1},"end":{"line":42,"column":2}},"loc":{"start":{"line":42,"column":28},"end":{"line":71,"column":2}},"line":42},"4":{"name":"(anonymous_4)","decl":{"start":{"line":49,"column":3},"end":{"line":49,"column":4}},"loc":{"start":{"line":49,"column":12},"end":{"line":49,"column":40}},"line":49},"5":{"name":"(anonymous_5)","decl":{"start":{"line":73,"column":1},"end":{"line":73,"column":2}},"loc":{"start":{"line":73,"column":18},"end":{"line":86,"column":2}},"line":73}},"branchMap":{"0":{"loc":{"start":{"line":28,"column":2},"end":{"line":30,"column":3}},"type":"if","locations":[{"start":{"line":28,"column":2},"end":{"line":30,"column":3}},{"start":{},"end":{}}],"line":28},"1":{"loc":{"start":{"line":33,"column":3},"end":{"line":35,"column":4}},"type":"if","locations":[{"start":{"line":33,"column":3},"end":{"line":35,"column":4}},{"start":{},"end":{}}],"line":33},"2":{"loc":{"start":{"line":43,"column":2},"end":{"line":45,"column":3}},"type":"if","locations":[{"start":{"line":43,"column":2},"end":{"line":45,"column":3}},{"start":{},"end":{}}],"line":43},"3":{"loc":{"start":{"line":52,"column":2},"end":{"line":54,"column":3}},"type":"if","locations":[{"start":{"line":52,"column":2},"end":{"line":54,"column":3}},{"start":{},"end":{}}],"line":52},"4":{"loc":{"start":{"line":63,"column":3},"end":{"line":65,"column":4}},"type":"if","locations":[{"start":{"line":63,"column":3},"end":{"line":65,"column":4}},{"start":{},"end":{}}],"line":63},"5":{"loc":{"start":{"line":74,"column":2},"end":{"line":76,"column":3}},"type":"if","locations":[{"start":{"line":74,"column":2},"end":{"line":76,"column":3}},{"start":{},"end":{}}],"line":74},"6":{"loc":{"start":{"line":79,"column":3},"end":{"line":81,"column":4}},"type":"if","locations":[{"start":{"line":79,"column":3},"end":{"line":81,"column":4}},{"start":{},"end":{}}],"line":79}},"s":{"0":5,"1":5,"2":5,"3":0,"4":2,"5":2,"6":2,"7":0,"8":1,"9":0,"10":1,"11":1,"12":1,"13":0,"14":1,"15":0,"16":1,"17":0,"18":1,"19":1,"20":1,"21":1,"22":0,"23":1,"24":1,"25":1,"26":0,"27":1,"28":0,"29":1,"30":0,"31":1,"32":1,"33":1,"34":0,"35":1,"36":0},"f":{"0":5,"1":2,"2":1,"3":1,"4":1,"5":1},"b":{"0":[0,1],"1":[0,1],"2":[0,1],"3":[0,1],"4":[0,1],"5":[0,1],"6":[0,1]},"_coverageSchema":"1a1c01bbd47fc00a2c39e90264f33305004495a9","hash":"f8949b09667c0500d1f5a7c844cdc1bc51fdbea2"}
,"C:\\Users\\LizandroV\\OneDrive - BYU-Pathway Worldwide\\Documents\\BYU\\2025 II CSE341 - WEB SERVICES\\RecipeHub-API\\models\\modelComments.js": {"path":"C:\\Users\\LizandroV\\OneDrive - BYU-Pathway Worldwide\\Documents\\BYU\\2025 II CSE341 - WEB SERVICES\\RecipeHub-API\\models\\modelComments.js","statementMap":{"0":{"start":{"line":9,"column":50},"end":{"line":9,"column":57}},"1":{"start":{"line":11,"column":2},"end":{"line":16,"column":3}},"2":{"start":{"line":15,"column":3},"end":{"line":15,"column":66}},"3":{"start":{"line":18,"column":21},"end":{"line":18,"column":46}},"4":{"start":{"line":19,"column":23},"end":{"line":19,"column":52}},"5":{"start":{"line":21,"column":2},"end":{"line":23,"column":3}},"6":{"start":{"line":22,"column":3},"end":{"line":22,"column":58}},"7":{"start":{"line":25,"column":2},"end":{"line":35,"column":3}},"8":{"start":{"line":26,"column":22},"end":{"line":31,"column":5}},"9":{"start":{"line":32,"column":3},"end":{"line":32,"column":21}},"10":{"start":{"line":34,"column":3},"end":{"line":34,"column":74}},"11":{"start":{"line":39,"column":2},"end":{"line":41,"column":3}},"12":{"start":{"line":40,"column":3},"end":{"line":40,"column":58}},"13":{"start":{"line":42,"column":2},"end":{"line":50,"column":3}},"14":{"start":{"line":43,"column":20},"end":{"line":46,"column":4}},"15":{"start":{"line":47,"column":3},"end":{"line":47,"column":19}},"16":{"start":{"line":49,"column":3},"end":{"line":49,"column":77}},"17":{"start":{"line":54,"column":2},"end":{"line":56,"column":3}},"18":{"start":{"line":55,"column":3},"end":{"line":55,"column":59}},"19":{"start":{"line":57,"column":2},"end":{"line":65,"column":3}},"20":{"start":{"line":58,"column":19},"end":{"line":58,"column":54}},"21":{"start":{"line":59,"column":3},"end":{"line":61,"column":4}},"22":{"start":{"line":60,"column":4},"end":{"line":60,"column":52}},"23":{"start":{"line":62,"column":3},"end":{"line":62,"column":18}},"24":{"start":{"line":64,"column":3},"end":{"line":64,"column":74}}},"fnMap":{"0":{"name":"(anonymous_0)","decl":{"start":{"line":8,"column":1},"end":{"line":8,"column":2}},"loc":{"start":{"line":8,"column":23},"end":{"line":36,"column":2}},"line":8},"1":{"name":"(anonymous_1)","decl":{"start":{"line":38,"column":1},"end":{"line":38,"column":2}},"loc":{"start":{"line":38,"column":29},"end":{"line":51,"column":2}},"line":38},"2":{"name":"(anonymous_2)","decl":{"start":{"line":53,"column":1},"end":{"line":53,"column":2}},"loc":{"start":{"line":53,"column":18},"end":{"line":66,"column":2}},"line":53}},"branchMap":{"0":{"loc":{"start":{"line":11,"column":2},"end":{"line":16,"column":3}},"type":"if","locations":[{"start":{"line":11,"column":2},"end":{"line":16,"column":3}},{"start":{},"end":{}}],"line":11},"1":{"loc":{"start":{"line":12,"column":3},"end":{"line":13,"column":43}},"type":"binary-expr","locations":[{"start":{"line":12,"column":3},"end":{"line":12,"column":41}},{"start":{"line":13,"column":3},"end":{"line":13,"column":43}}],"line":12},"2":{"loc":{"start":{"line":21,"column":2},"end":{"line":23,"column":3}},"type":"if","locations":[{"start":{"line":21,"column":2},"end":{"line":23,"column":3}},{"start":{},"end":{}}],"line":21},"3":{"loc":{"start":{"line":21,"column":6},"end":{"line":21,"column":34}},"type":"binary-expr","locations":[{"start":{"line":21,"column":6},"end":{"line":21,"column":17}},{"start":{"line":21,"column":21},"end":{"line":21,"column":34}}],"line":21},"4":{"loc":{"start":{"line":39,"column":2},"end":{"line":41,"column":3}},"type":"if","locations":[{"start":{"line":39,"column":2},"end":{"line":41,"column":3}},{"start":{},"end":{}}],"line":39},"5":{"loc":{"start":{"line":54,"column":2},"end":{"line":56,"column":3}},"type":"if","locations":[{"start":{"line":54,"column":2},"end":{"line":56,"column":3}},{"start":{},"end":{}}],"line":54},"6":{"loc":{"start":{"line":59,"column":3},"end":{"line":61,"column":4}},"type":"if","locations":[{"start":{"line":59,"column":3},"end":{"line":61,"column":4}},{"start":{},"end":{}}],"line":59}},"s":{"0":2,"1":2,"2":0,"3":2,"4":2,"5":2,"6":0,"7":2,"8":2,"9":2,"10":0,"11":1,"12":0,"13":1,"14":1,"15":1,"16":0,"17":1,"18":0,"19":1,"20":1,"21":1,"22":0,"23":1,"24":0},"f":{"0":2,"1":1,"2":1},"b":{"0":[0,2],"1":[2,2],"2":[0,2],"3":[2,2],"4":[0,1],"5":[0,1],"6":[0,1]},"_coverageSchema":"1a1c01bbd47fc00a2c39e90264f33305004495a9","hash":"8866c8bfcc13de893716f35d8904d34fa277814c"}
,"C:\\Users\\LizandroV\\OneDrive - BYU-Pathway Worldwide\\Documents\\BYU\\2025 II CSE341 - WEB SERVICES\\RecipeHub-API\\models\\modelRecipes.js": {"path":"C:\\Users\\LizandroV\\OneDrive - BYU-Pathway Worldwide\\Documents\\BYU\\2025 II CSE341 - WEB SERVICES\\RecipeHub-API\\models\\modelRecipes.js","statementMap":{"0":{"start":{"line":9,"column":2},"end":{"line":19,"column":3}},"1":{"start":{"line":10,"column":26},"end":{"line":10,"column":66}},"2":{"start":{"line":11,"column":3},"end":{"line":13,"column":4}},"3":{"start":{"line":12,"column":4},"end":{"line":12,"column":64}},"4":{"start":{"line":15,"column":21},"end":{"line":15,"column":48}},"5":{"start":{"line":16,"column":3},"end":{"line":16,"column":20}},"6":{"start":{"line":18,"column":3},"end":{"line":18,"column":50}},"7":{"start":{"line":23,"column":2},"end":{"line":28,"column":3}},"8":{"start":{"line":24,"column":19},"end":{"line":24,"column":59}},"9":{"start":{"line":25,"column":3},"end":{"line":25,"column":18}},"10":{"start":{"line":27,"column":3},"end":{"line":27,"column":76}},"11":{"start":{"line":32,"column":2},"end":{"line":34,"column":3}},"12":{"start":{"line":33,"column":3},"end":{"line":33,"column":51}},"13":{"start":{"line":35,"column":2},"end":{"line":51,"column":3}},"14":{"start":{"line":36,"column":18},"end":{"line":36,"column":71}},"15":{"start":{"line":38,"column":3},"end":{"line":40,"column":4}},"16":{"start":{"line":39,"column":4},"end":{"line":39,"column":51}},"17":{"start":{"line":42,"column":20},"end":{"line":45,"column":4}},"18":{"start":{"line":46,"column":3},"end":{"line":46,"column":30}},"19":{"start":{"line":48,"column":3},"end":{"line":48,"column":17}},"20":{"start":{"line":50,"column":3},"end":{"line":50,"column":75}},"21":{"start":{"line":55,"column":2},"end":{"line":57,"column":3}},"22":{"start":{"line":56,"column":3},"end":{"line":56,"column":51}},"23":{"start":{"line":59,"column":24},"end":{"line":67,"column":3}},"24":{"start":{"line":68,"column":24},"end":{"line":70,"column":3}},"25":{"start":{"line":69,"column":12},"end":{"line":69,"column":40}},"26":{"start":{"line":71,"column":2},"end":{"line":73,"column":3}},"27":{"start":{"line":72,"column":3},"end":{"line":72,"column":77}},"28":{"start":{"line":75,"column":2},"end":{"line":83,"column":3}},"29":{"start":{"line":76,"column":3},"end":{"line":78,"column":4}},"30":{"start":{"line":77,"column":4},"end":{"line":77,"column":61}},"31":{"start":{"line":79,"column":26},"end":{"line":79,"column":66}},"32":{"start":{"line":80,"column":3},"end":{"line":82,"column":4}},"33":{"start":{"line":81,"column":4},"end":{"line":81,"column":61}},"34":{"start":{"line":85,"column":2},"end":{"line":99,"column":3}},"35":{"start":{"line":86,"column":24},"end":{"line":90,"column":26}},"36":{"start":{"line":92,"column":3},"end":{"line":94,"column":4}},"37":{"start":{"line":93,"column":4},"end":{"line":93,"column":51}},"38":{"start":{"line":96,"column":3},"end":{"line":96,"column":23}},"39":{"start":{"line":98,"column":3},"end":{"line":98,"column":73}},"40":{"start":{"line":103,"column":2},"end":{"line":105,"column":3}},"41":{"start":{"line":104,"column":3},"end":{"line":104,"column":51}},"42":{"start":{"line":106,"column":2},"end":{"line":114,"column":3}},"43":{"start":{"line":107,"column":24},"end":{"line":107,"column":58}},"44":{"start":{"line":108,"column":3},"end":{"line":110,"column":4}},"45":{"start":{"line":109,"column":4},"end":{"line":109,"column":51}},"46":{"start":{"line":111,"column":3},"end":{"line":111,"column":23}},"47":{"start":{"line":113,"column":3},"end":{"line":113,"column":73}}},"fnMap":{"0":{"name":"(anonymous_0)","decl":{"start":{"line":8,"column":1},"end":{"line":8,"column":2}},"loc":{"start":{"line":8,"column":22},"end":{"line":20,"column":2}},"line":8},"1":{"name":"(anonymous_1)","decl":{"start":{"line":22,"column":1},"end":{"line":22,"column":2}},"loc":{"start":{"line":22,"column":16},"end":{"line":29,"column":2}},"line":22},"2":{"name":"(anonymous_2)","decl":{"start":{"line":31,"column":1},"end":{"line":31,"column":2}},"loc":{"start":{"line":31,"column":18},"end":{"line":52,"column":2}},"line":31},"3":{"name":"(anonymous_3)","decl":{"start":{"line":54,"column":1},"end":{"line":54,"column":2}},"loc":{"start":{"line":54,"column":26},"end":{"line":100,"column":2}},"line":54},"4":{"name":"(anonymous_4)","decl":{"start":{"line":69,"column":3},"end":{"line":69,"column":4}},"loc":{"start":{"line":69,"column":12},"end":{"line":69,"column":40}},"line":69},"5":{"name":"(anonymous_5)","decl":{"start":{"line":102,"column":1},"end":{"line":102,"column":2}},"loc":{"start":{"line":102,"column":18},"end":{"line":115,"column":2}},"line":102}},"branchMap":{"0":{"loc":{"start":{"line":11,"column":3},"end":{"line":13,"column":4}},"type":"if","locations":[{"start":{"line":11,"column":3},"end":{"line":13,"column":4}},{"start":{},"end":{}}],"line":11},"1":{"loc":{"start":{"line":32,"column":2},"end":{"line":34,"column":3}},"type":"if","locations":[{"start":{"line":32,"column":2},"end":{"line":34,"column":3}},{"start":{},"end":{}}],"line":32},"2":{"loc":{"start":{"line":38,"column":3},"end":{"line":40,"column":4}},"type":"if","locations":[{"start":{"line":38,"column":3},"end":{"line":40,"column":4}},{"start":{},"end":{}}],"line":38},"3":{"loc":{"start":{"line":55,"column":2},"end":{"line":57,"column":3}},"type":"if","locations":[{"start":{"line":55,"column":2},"end":{"line":57,"column":3}},{"start":{},"end":{}}],"line":55},"4":{"loc":{"start":{"line":71,"column":2},"end":{"line":73,"column":3}},"type":"if","locations":[{"start":{"line":71,"column":2},"end":{"line":73,"column":3}},{"start":{},"end":{}}],"line":71},"5":{"loc":{"start":{"line":75,"column":2},"end":{"line":83,"column":3}},"type":"if","locations":[{"start":{"line":75,"column":2},"end":{"line":83,"column":3}},{"start":{},"end":{}}],"line":75},"6":{"loc":{"start":{"line":76,"column":3},"end":{"line":78,"column":4}},"type":"if","locations":[{"start":{"line":76,"column":3},"end":{"line":78,"column":4}},{"start":{},"end":{}}],"line":76},"7":{"loc":{"start":{"line":80,"column":3},"end":{"line":82,"column":4}},"type":"if","locations":[{"start":{"line":80,"column":3},"end":{"line":82,"column":4}},{"start":{},"end":{}}],"line":80},"8":{"loc":{"start":{"line":92,"column":3},"end":{"line":94,"column":4}},"type":"if","locations":[{"start":{"line":92,"column":3},"end":{"line":94,"column":4}},{"start":{},"end":{}}],"line":92},"9":{"loc":{"start":{"line":103,"column":2},"end":{"line":105,"column":3}},"type":"if","locations":[{"start":{"line":103,"column":2},"end":{"line":105,"column":3}},{"start":{},"end":{}}],"line":103},"10":{"loc":{"start":{"line":108,"column":3},"end":{"line":110,"column":4}},"type":"if","locations":[{"start":{"line":108,"column":3},"end":{"line":110,"column":4}},{"start":{},"end":{}}],"line":108}},"s":{"0":7,"1":7,"2":7,"3":1,"4":6,"5":6,"6":1,"7":1,"8":1,"9":1,"10":0,"11":1,"12":0,"13":1,"14":1,"15":1,"16":0,"17":1,"18":1,"19":1,"20":0,"21":2,"22":0,"23":2,"24":2,"25":4,"26":2,"27":1,"28":1,"29":0,"30":0,"31":0,"32":0,"33":0,"34":1,"35":1,"36":1,"37":0,"38":1,"39":0,"40":2,"41":0,"42":2,"43":2,"44":2,"45":1,"46":1,"47":1},"f":{"0":7,"1":1,"2":1,"3":2,"4":4,"5":2},"b":{"0":[1,6],"1":[0,1],"2":[0,1],"3":[0,2],"4":[1,1],"5":[0,1],"6":[0,0],"7":[0,0],"8":[0,1],"9":[0,2],"10":[1,1]},"_coverageSchema":"1a1c01bbd47fc00a2c39e90264f33305004495a9","hash":"f0a08a19f61ec8c474d076eef21408129ba4aee3"}
,"C:\\Users\\LizandroV\\OneDrive - BYU-Pathway Worldwide\\Documents\\BYU\\2025 II CSE341 - WEB SERVICES\\RecipeHub-API\\models\\modelUsers.js": {"path":"C:\\Users\\LizandroV\\OneDrive - BYU-Pathway Worldwide\\Documents\\BYU\\2025 II CSE341 - WEB SERVICES\\RecipeHub-API\\models\\modelUsers.js","statementMap":{"0":{"start":{"line":7,"column":2},"end":{"line":12,"column":3}},"1":{"start":{"line":8,"column":19},"end":{"line":8,"column":43}},"2":{"start":{"line":9,"column":3},"end":{"line":9,"column":18}},"3":{"start":{"line":11,"column":3},"end":{"line":11,"column":50}},"4":{"start":{"line":15,"column":2},"end":{"line":17,"column":3}},"5":{"start":{"line":16,"column":3},"end":{"line":16,"column":51}},"6":{"start":{"line":18,"column":2},"end":{"line":26,"column":3}},"7":{"start":{"line":19,"column":16},"end":{"line":19,"column":40}},"8":{"start":{"line":20,"column":3},"end":{"line":22,"column":4}},"9":{"start":{"line":21,"column":4},"end":{"line":21,"column":49}},"10":{"start":{"line":23,"column":3},"end":{"line":23,"column":15}},"11":{"start":{"line":25,"column":3},"end":{"line":25,"column":73}},"12":{"start":{"line":30,"column":2},"end":{"line":35,"column":3}},"13":{"start":{"line":31,"column":16},"end":{"line":31,"column":43}},"14":{"start":{"line":32,"column":3},"end":{"line":32,"column":15}},"15":{"start":{"line":34,"column":3},"end":{"line":34,"column":62}},"16":{"start":{"line":38,"column":2},"end":{"line":40,"column":3}},"17":{"start":{"line":39,"column":3},"end":{"line":39,"column":51}},"18":{"start":{"line":42,"column":24},"end":{"line":42,"column":66}},"19":{"start":{"line":43,"column":24},"end":{"line":45,"column":3}},"20":{"start":{"line":44,"column":12},"end":{"line":44,"column":40}},"21":{"start":{"line":47,"column":2},"end":{"line":49,"column":3}},"22":{"start":{"line":48,"column":3},"end":{"line":48,"column":77}},"23":{"start":{"line":51,"column":2},"end":{"line":65,"column":3}},"24":{"start":{"line":52,"column":22},"end":{"line":56,"column":5}},"25":{"start":{"line":58,"column":3},"end":{"line":60,"column":4}},"26":{"start":{"line":59,"column":4},"end":{"line":59,"column":49}},"27":{"start":{"line":62,"column":3},"end":{"line":62,"column":21}},"28":{"start":{"line":64,"column":3},"end":{"line":64,"column":71}},"29":{"start":{"line":69,"column":2},"end":{"line":71,"column":3}},"30":{"start":{"line":70,"column":3},"end":{"line":70,"column":51}},"31":{"start":{"line":72,"column":2},"end":{"line":80,"column":3}},"32":{"start":{"line":73,"column":23},"end":{"line":73,"column":56}},"33":{"start":{"line":74,"column":3},"end":{"line":76,"column":4}},"34":{"start":{"line":75,"column":4},"end":{"line":75,"column":49}},"35":{"start":{"line":77,"column":3},"end":{"line":77,"column":22}},"36":{"start":{"line":79,"column":3},"end":{"line":79,"column":71}}},"fnMap":{"0":{"name":"(anonymous_0)","decl":{"start":{"line":6,"column":1},"end":{"line":6,"column":2}},"loc":{"start":{"line":6,"column":20},"end":{"line":13,"column":2}},"line":6},"1":{"name":"(anonymous_1)","decl":{"start":{"line":14,"column":1},"end":{"line":14,"column":2}},"loc":{"start":{"line":14,"column":22},"end":{"line":27,"column":2}},"line":14},"2":{"name":"(anonymous_2)","decl":{"start":{"line":29,"column":1},"end":{"line":29,"column":2}},"loc":{"start":{"line":29,"column":22},"end":{"line":36,"column":2}},"line":29},"3":{"name":"(anonymous_3)","decl":{"start":{"line":37,"column":1},"end":{"line":37,"column":2}},"loc":{"start":{"line":37,"column":24},"end":{"line":66,"column":2}},"line":37},"4":{"name":"(anonymous_4)","decl":{"start":{"line":44,"column":3},"end":{"line":44,"column":4}},"loc":{"start":{"line":44,"column":12},"end":{"line":44,"column":40}},"line":44},"5":{"name":"(anonymous_5)","decl":{"start":{"line":68,"column":1},"end":{"line":68,"column":2}},"loc":{"start":{"line":68,"column":18},"end":{"line":81,"column":2}},"line":68}},"branchMap":{"0":{"loc":{"start":{"line":15,"column":2},"end":{"line":17,"column":3}},"type":"if","locations":[{"start":{"line":15,"column":2},"end":{"line":17,"column":3}},{"start":{},"end":{}}],"line":15},"1":{"loc":{"start":{"line":20,"column":3},"end":{"line":22,"column":4}},"type":"if","locations":[{"start":{"line":20,"column":3},"end":{"line":22,"column":4}},{"start":{},"end":{}}],"line":20},"2":{"loc":{"start":{"line":38,"column":2},"end":{"line":40,"column":3}},"type":"if","locations":[{"start":{"line":38,"column":2},"end":{"line":40,"column":3}},{"start":{},"end":{}}],"line":38},"3":{"loc":{"start":{"line":47,"column":2},"end":{"line":49,"column":3}},"type":"if","locations":[{"start":{"line":47,"column":2},"end":{"line":49,"column":3}},{"start":{},"end":{}}],"line":47},"4":{"loc":{"start":{"line":58,"column":3},"end":{"line":60,"column":4}},"type":"if","locations":[{"start":{"line":58,"column":3},"end":{"line":60,"column":4}},{"start":{},"end":{}}],"line":58},"5":{"loc":{"start":{"line":69,"column":2},"end":{"line":71,"column":3}},"type":"if","locations":[{"start":{"line":69,"column":2},"end":{"line":71,"column":3}},{"start":{},"end":{}}],"line":69},"6":{"loc":{"start":{"line":74,"column":3},"end":{"line":76,"column":4}},"type":"if","locations":[{"start":{"line":74,"column":3},"end":{"line":76,"column":4}},{"start":{},"end":{}}],"line":74}},"s":{"0":9,"1":9,"2":9,"3":0,"4":5,"5":2,"6":3,"7":3,"8":3,"9":2,"10":1,"11":2,"12":0,"13":0,"14":0,"15":0,"16":3,"17":0,"18":3,"19":3,"20":3,"21":3,"22":2,"23":1,"24":1,"25":1,"26":0,"27":1,"28":0,"29":4,"30":0,"31":4,"32":4,"33":4,"34":2,"35":2,"36":2},"f":{"0":9,"1":5,"2":0,"3":3,"4":3,"5":4},"b":{"0":[2,3],"1":[2,1],"2":[0,3],"3":[2,1],"4":[0,1],"5":[0,4],"6":[2,2]},"_coverageSchema":"1a1c01bbd47fc00a2c39e90264f33305004495a9","hash":"e46a0f947a209e58beaca0387b5e0e1a72a8408d"}
,"C:\\Users\\LizandroV\\OneDrive - BYU-Pathway Worldwide\\Documents\\BYU\\2025 II CSE341 - WEB SERVICES\\RecipeHub-API\\schemas\\schemaCategories.js": {"path":"C:\\Users\\LizandroV\\OneDrive - BYU-Pathway Worldwide\\Documents\\BYU\\2025 II CSE341 - WEB SERVICES\\RecipeHub-API\\schemas\\schemaCategories.js","statementMap":{"0":{"start":{"line":3,"column":23},"end":{"line":18,"column":1}}},"fnMap":{},"branchMap":{},"s":{"0":3},"f":{},"b":{},"_coverageSchema":"1a1c01bbd47fc00a2c39e90264f33305004495a9","hash":"79d64c87f0ab04e0bf9d3ebc868a159dfee8912a"}
,"C:\\Users\\LizandroV\\OneDrive - BYU-Pathway Worldwide\\Documents\\BYU\\2025 II CSE341 - WEB SERVICES\\RecipeHub-API\\schemas\\schemaComments.js": {"path":"C:\\Users\\LizandroV\\OneDrive - BYU-Pathway Worldwide\\Documents\\BYU\\2025 II CSE341 - WEB SERVICES\\RecipeHub-API\\schemas\\schemaComments.js","statementMap":{"0":{"start":{"line":3,"column":22},"end":{"line":47,"column":1}},"1":{"start":{"line":11,"column":19},"end":{"line":11,"column":42}},"2":{"start":{"line":12,"column":20},"end":{"line":12,"column":54}},"3":{"start":{"line":13,"column":5},"end":{"line":13,"column":21}},"4":{"start":{"line":24,"column":20},"end":{"line":24,"column":44}},"5":{"start":{"line":25,"column":20},"end":{"line":25,"column":55}},"6":{"start":{"line":26,"column":5},"end":{"line":26,"column":21}}},"fnMap":{"0":{"name":"(anonymous_0)","decl":{"start":{"line":10,"column":15},"end":{"line":10,"column":16}},"loc":{"start":{"line":10,"column":38},"end":{"line":14,"column":5}},"line":10},"1":{"name":"(anonymous_1)","decl":{"start":{"line":23,"column":15},"end":{"line":23,"column":16}},"loc":{"start":{"line":23,"column":38},"end":{"line":27,"column":5}},"line":23}},"branchMap":{},"s":{"0":2,"1":3,"2":3,"3":3,"4":3,"5":3,"6":3},"f":{"0":3,"1":3},"b":{},"_coverageSchema":"1a1c01bbd47fc00a2c39e90264f33305004495a9","hash":"bf13a8b47fcdae3e0c8609db31770fc1b0aaf770"}
,"C:\\Users\\LizandroV\\OneDrive - BYU-Pathway Worldwide\\Documents\\BYU\\2025 II CSE341 - WEB SERVICES\\RecipeHub-API\\schemas\\schemaRecipes.js": {"path":"C:\\Users\\LizandroV\\OneDrive - BYU-Pathway Worldwide\\Documents\\BYU\\2025 II CSE341 - WEB SERVICES\\RecipeHub-API\\schemas\\schemaRecipes.js","statementMap":{"0":{"start":{"line":3,"column":22},"end":{"line":64,"column":1}},"1":{"start":{"line":30,"column":22},"end":{"line":30,"column":48}},"2":{"start":{"line":31,"column":20},"end":{"line":31,"column":57}},"3":{"start":{"line":32,"column":5},"end":{"line":32,"column":21}}},"fnMap":{"0":{"name":"(anonymous_0)","decl":{"start":{"line":29,"column":15},"end":{"line":29,"column":16}},"loc":{"start":{"line":29,"column":38},"end":{"line":33,"column":5}},"line":29}},"branchMap":{},"s":{"0":2,"1":9,"2":9,"3":9},"f":{"0":9},"b":{},"_coverageSchema":"1a1c01bbd47fc00a2c39e90264f33305004495a9","hash":"142c8e501a618d8772f7a6086aeca9f29e9b6253"}
,"C:\\Users\\LizandroV\\OneDrive - BYU-Pathway Worldwide\\Documents\\BYU\\2025 II CSE341 - WEB SERVICES\\RecipeHub-API\\schemas\\schemaUsers.js": {"path":"C:\\Users\\LizandroV\\OneDrive - BYU-Pathway Worldwide\\Documents\\BYU\\2025 II CSE341 - WEB SERVICES\\RecipeHub-API\\schemas\\schemaUsers.js","statementMap":{"0":{"start":{"line":3,"column":20},"end":{"line":3,"column":67}},"1":{"start":{"line":3,"column":30},"end":{"line":3,"column":67}},"2":{"start":{"line":4,"column":21},"end":{"line":4,"column":72}},"3":{"start":{"line":4,"column":32},"end":{"line":4,"column":72}},"4":{"start":{"line":6,"column":20},"end":{"line":43,"column":1}}},"fnMap":{"0":{"name":"(anonymous_0)","decl":{"start":{"line":3,"column":20},"end":{"line":3,"column":21}},"loc":{"start":{"line":3,"column":30},"end":{"line":3,"column":67}},"line":3},"1":{"name":"(anonymous_1)","decl":{"start":{"line":4,"column":21},"end":{"line":4,"column":22}},"loc":{"start":{"line":4,"column":32},"end":{"line":4,"column":72}},"line":4}},"branchMap":{"0":{"loc":{"start":{"line":3,"column":30},"end":{"line":3,"column":67}},"type":"binary-expr","locations":[{"start":{"line":3,"column":30},"end":{"line":3,"column":46}},{"start":{"line":3,"column":50},"end":{"line":3,"column":67}}],"line":3}},"s":{"0":2,"1":13,"2":2,"3":12,"4":2},"f":{"0":13,"1":12},"b":{"0":[13,13]},"_coverageSchema":"1a1c01bbd47fc00a2c39e90264f33305004495a9","hash":"996fcfb732ad978804db559de96a994e0da42db6"}
,"C:\\Users\\LizandroV\\OneDrive - BYU-Pathway Worldwide\\Documents\\BYU\\2025 II CSE341 - WEB SERVICES\\RecipeHub-API\\utils\\CustomError.js": {"path":"C:\\Users\\LizandroV\\OneDrive - BYU-Pathway Worldwide\\Documents\\BYU\\2025 II CSE341 - WEB SERVICES\\RecipeHub-API\\utils\\CustomError.js","statementMap":{"0":{"start":{"line":3,"column":2},"end":{"line":3,"column":17}},"1":{"start":{"line":4,"column":2},"end":{"line":4,"column":31}},"2":{"start":{"line":5,"column":2},"end":{"line":5,"column":50}}},"fnMap":{"0":{"name":"(anonymous_0)","decl":{"start":{"line":2,"column":1},"end":{"line":2,"column":2}},"loc":{"start":{"line":2,"column":34},"end":{"line":6,"column":2}},"line":2}},"branchMap":{},"s":{"0":17,"1":17,"2":17},"f":{"0":17},"b":{},"_coverageSchema":"1a1c01bbd47fc00a2c39e90264f33305004495a9","hash":"878dadb24e06d92817831d77c354160f8c8d88fc"}
}
