TN:
SF:models\modelCategories.js
FN:6,(anonymous_0)
FN:15,(anonymous_1)
FN:27,(anonymous_2)
FN:42,(anonymous_3)
FN:49,(anonymous_4)
FN:73,(anonymous_5)
FNF:6
FNH:6
FNDA:5,(anonymous_0)
FNDA:2,(anonymous_1)
FNDA:1,(anonymous_2)
FNDA:1,(anonymous_3)
FNDA:1,(anonymous_4)
FNDA:1,(anonymous_5)
DA:7,5
DA:8,5
DA:9,5
DA:11,0
DA:16,2
DA:17,2
DA:18,2
DA:20,0
DA:28,1
DA:29,0
DA:31,1
DA:32,1
DA:33,1
DA:34,0
DA:36,1
DA:38,0
DA:43,1
DA:44,0
DA:47,1
DA:48,1
DA:49,1
DA:52,1
DA:53,0
DA:56,1
DA:57,1
DA:63,1
DA:64,0
DA:67,1
DA:69,0
DA:74,1
DA:75,0
DA:77,1
DA:78,1
DA:79,1
DA:80,0
DA:82,1
DA:84,0
LF:37
LH:25
BRDA:28,0,0,0
BRDA:28,0,1,1
BRDA:33,1,0,0
BRDA:33,1,1,1
BRDA:43,2,0,0
BRDA:43,2,1,1
BRDA:52,3,0,0
BRDA:52,3,1,1
BRDA:63,4,0,0
BRDA:63,4,1,1
BRDA:74,5,0,0
BRDA:74,5,1,1
BRDA:79,6,0,0
BRDA:79,6,1,1
BRF:14
BRH:7
end_of_record
TN:
SF:models\modelComments.js
FN:8,(anonymous_0)
FN:38,(anonymous_1)
FN:53,(anonymous_2)
FNF:3
FNH:3
FNDA:2,(anonymous_0)
FNDA:1,(anonymous_1)
FNDA:1,(anonymous_2)
DA:9,2
DA:11,2
DA:15,0
DA:18,2
DA:19,2
DA:21,2
DA:22,0
DA:25,2
DA:26,2
DA:32,2
DA:34,0
DA:39,1
DA:40,0
DA:42,1
DA:43,1
DA:47,1
DA:49,0
DA:54,1
DA:55,0
DA:57,1
DA:58,1
DA:59,1
DA:60,0
DA:62,1
DA:64,0
LF:25
LH:17
BRDA:11,0,0,0
BRDA:11,0,1,2
BRDA:12,1,0,2
BRDA:12,1,1,2
BRDA:21,2,0,0
BRDA:21,2,1,2
BRDA:21,3,0,2
BRDA:21,3,1,2
BRDA:39,4,0,0
BRDA:39,4,1,1
BRDA:54,5,0,0
BRDA:54,5,1,1
BRDA:59,6,0,0
BRDA:59,6,1,1
BRF:14
BRH:9
end_of_record
TN:
SF:models\modelRecipes.js
FN:8,(anonymous_0)
FN:22,(anonymous_1)
FN:31,(anonymous_2)
FN:54,(anonymous_3)
FN:69,(anonymous_4)
FN:102,(anonymous_5)
FNF:6
FNH:6
FNDA:7,(anonymous_0)
FNDA:1,(anonymous_1)
FNDA:1,(anonymous_2)
FNDA:2,(anonymous_3)
FNDA:4,(anonymous_4)
FNDA:2,(anonymous_5)
DA:9,7
DA:10,7
DA:11,7
DA:12,1
DA:15,6
DA:16,6
DA:18,1
DA:23,1
DA:24,1
DA:25,1
DA:27,0
DA:32,1
DA:33,0
DA:35,1
DA:36,1
DA:38,1
DA:39,0
DA:42,1
DA:46,1
DA:48,1
DA:50,0
DA:55,2
DA:56,0
DA:59,2
DA:68,2
DA:69,4
DA:71,2
DA:72,1
DA:75,1
DA:76,0
DA:77,0
DA:79,0
DA:80,0
DA:81,0
DA:85,1
DA:86,1
DA:92,1
DA:93,0
DA:96,1
DA:98,0
DA:103,2
DA:104,0
DA:106,2
DA:107,2
DA:108,2
DA:109,1
DA:111,1
DA:113,1
LF:48
LH:35
BRDA:11,0,0,1
BRDA:11,0,1,6
BRDA:32,1,0,0
BRDA:32,1,1,1
BRDA:38,2,0,0
BRDA:38,2,1,1
BRDA:55,3,0,0
BRDA:55,3,1,2
BRDA:71,4,0,1
BRDA:71,4,1,1
BRDA:75,5,0,0
BRDA:75,5,1,1
BRDA:76,6,0,0
BRDA:76,6,1,0
BRDA:80,7,0,0
BRDA:80,7,1,0
BRDA:92,8,0,0
BRDA:92,8,1,1
BRDA:103,9,0,0
BRDA:103,9,1,2
BRDA:108,10,0,1
BRDA:108,10,1,1
BRF:22
BRH:12
end_of_record
TN:
SF:models\modelUsers.js
FN:6,(anonymous_0)
FN:14,(anonymous_1)
FN:29,(anonymous_2)
FN:37,(anonymous_3)
FN:44,(anonymous_4)
FN:68,(anonymous_5)
FNF:6
FNH:5
FNDA:9,(anonymous_0)
FNDA:5,(anonymous_1)
FNDA:0,(anonymous_2)
FNDA:3,(anonymous_3)
FNDA:3,(anonymous_4)
FNDA:4,(anonymous_5)
DA:7,9
DA:8,9
DA:9,9
DA:11,0
DA:15,5
DA:16,2
DA:18,3
DA:19,3
DA:20,3
DA:21,2
DA:23,1
DA:25,2
DA:30,0
DA:31,0
DA:32,0
DA:34,0
DA:38,3
DA:39,0
DA:42,3
DA:43,3
DA:44,3
DA:47,3
DA:48,2
DA:51,1
DA:52,1
DA:58,1
DA:59,0
DA:62,1
DA:64,0
DA:69,4
DA:70,0
DA:72,4
DA:73,4
DA:74,4
DA:75,2
DA:77,2
DA:79,2
LF:37
LH:28
BRDA:15,0,0,2
BRDA:15,0,1,3
BRDA:20,1,0,2
BRDA:20,1,1,1
BRDA:38,2,0,0
BRDA:38,2,1,3
BRDA:47,3,0,2
BRDA:47,3,1,1
BRDA:58,4,0,0
BRDA:58,4,1,1
BRDA:69,5,0,0
BRDA:69,5,1,4
BRDA:74,6,0,2
BRDA:74,6,1,2
BRF:14
BRH:11
end_of_record
TN:
SF:schemas\schemaCategories.js
FNF:0
FNH:0
DA:3,3
LF:1
LH:1
BRF:0
BRH:0
end_of_record
TN:
SF:schemas\schemaComments.js
FN:10,(anonymous_0)
FN:23,(anonymous_1)
FNF:2
FNH:2
FNDA:3,(anonymous_0)
FNDA:3,(anonymous_1)
DA:3,2
DA:11,3
DA:12,3
DA:13,3
DA:24,3
DA:25,3
DA:26,3
LF:7
LH:7
BRF:0
BRH:0
end_of_record
TN:
SF:schemas\schemaRecipes.js
FN:29,(anonymous_0)
FNF:1
FNH:1
FNDA:9,(anonymous_0)
DA:3,2
DA:30,9
DA:31,9
DA:32,9
LF:4
LH:4
BRF:0
BRH:0
end_of_record
TN:
SF:schemas\schemaUsers.js
FN:3,(anonymous_0)
FN:4,(anonymous_1)
FNF:2
FNH:2
FNDA:13,(anonymous_0)
FNDA:12,(anonymous_1)
DA:3,13
DA:4,12
DA:6,2
LF:3
LH:3
BRDA:3,0,0,13
BRDA:3,0,1,13
BRF:2
BRH:2
end_of_record
TN:
SF:utils\CustomError.js
FN:2,(anonymous_0)
FNF:1
FNH:1
FNDA:17,(anonymous_0)
DA:3,17
DA:4,17
DA:5,17
LF:3
LH:3
BRF:0
BRH:0
end_of_record
